<?xml version="1.0" encoding="UTF-8"?>
<coverage generated="1782340828942" clover="3.2.0">
  <project timestamp="1782340828943" name="All files">
    <metrics statements="80" coveredstatements="80" conditionals="87" coveredconditionals="72" methods="16" coveredmethods="16" elements="183" coveredelements="168" complexity="0" loc="80" ncloc="80" packages="2" files="2" classes="2"/>
    <package name="middleware">
      <metrics statements="50" coveredstatements="50" conditionals="70" coveredconditionals="57" methods="11" coveredmethods="11"/>
      <file name="ipFilter.js" path="/Users/Super/AIproject/backend/middleware/ipFilter.js">
        <metrics statements="50" coveredstatements="50" conditionals="70" coveredconditionals="57" methods="11" coveredmethods="11"/>
        <line num="1" count="1" type="stmt"/>
        <line num="14" count="20" type="cond" truecount="2" falsecount="0"/>
        <line num="18" count="20" type="cond" truecount="1" falsecount="1"/>
        <line num="19" count="20" type="stmt"/>
        <line num="20" count="80" type="cond" truecount="4" falsecount="1"/>
        <line num="21" count="20" type="stmt"/>
        <line num="25" count="10" type="cond" truecount="3" falsecount="1"/>
        <line num="26" count="10" type="stmt"/>
        <line num="27" count="10" type="stmt"/>
        <line num="28" count="10" type="cond" truecount="4" falsecount="1"/>
        <line num="30" count="10" type="stmt"/>
        <line num="31" count="10" type="stmt"/>
        <line num="32" count="10" type="cond" truecount="3" falsecount="1"/>
        <line num="34" count="10" type="cond" truecount="1" falsecount="1"/>
        <line num="35" count="10" type="stmt"/>
        <line num="39" count="30" type="cond" truecount="2" falsecount="0"/>
        <line num="40" count="24" type="stmt"/>
        <line num="41" count="24" type="cond" truecount="2" falsecount="0"/>
        <line num="44" count="23" type="cond" truecount="2" falsecount="0"/>
        <line num="47" count="23" type="cond" truecount="2" falsecount="0"/>
        <line num="50" count="23" type="cond" truecount="1" falsecount="1"/>
        <line num="52" count="23" type="cond" truecount="1" falsecount="1"/>
        <line num="56" count="24" type="stmt"/>
        <line num="67" count="19" type="cond" truecount="2" falsecount="0"/>
        <line num="68" count="18" type="cond" truecount="1" falsecount="1"/>
        <line num="70" count="18" type="stmt"/>
        <line num="71" count="27" type="cond" truecount="1" falsecount="1"/>
        <line num="72" count="27" type="cond" truecount="1" falsecount="1"/>
        <line num="73" count="27" type="cond" truecount="1" falsecount="1"/>
        <line num="75" count="27" type="cond" truecount="2" falsecount="0"/>
        <line num="76" count="17" type="stmt"/>
        <line num="81" count="1" type="stmt"/>
        <line num="129" count="11" type="cond" truecount="2" falsecount="0"/>
        <line num="130" count="11" type="cond" truecount="2" falsecount="0"/>
        <line num="132" count="11" type="stmt"/>
        <line num="133" count="19" type="stmt"/>
        <line num="134" count="19" type="stmt"/>
        <line num="136" count="19" type="cond" truecount="2" falsecount="0"/>
        <line num="138" count="8" type="stmt"/>
        <line num="140" count="8" type="cond" truecount="1" falsecount="1"/>
        <line num="142" count="8" type="cond" truecount="5" falsecount="0"/>
        <line num="146" count="8" type="cond" truecount="2" falsecount="0"/>
        <line num="147" count="7" type="stmt"/>
        <line num="150" count="1" type="stmt"/>
        <line num="154" count="1" type="stmt"/>
        <line num="155" count="1" type="stmt"/>
        <line num="156" count="1" type="stmt"/>
        <line num="157" count="1" type="stmt"/>
        <line num="158" count="1" type="stmt"/>
        <line num="160" count="1" type="stmt"/>
      </file>
    </package>
    <package name="services">
      <metrics statements="30" coveredstatements="30" conditionals="17" coveredconditionals="15" methods="5" coveredmethods="5"/>
      <file name="totp.js" path="/Users/Super/AIproject/backend/services/totp.js">
        <metrics statements="30" coveredstatements="30" conditionals="17" coveredconditionals="15" methods="5" coveredmethods="5"/>
        <line num="1" count="1" type="stmt"/>
        <line num="3" count="1" type="stmt"/>
        <line num="4" count="1" type="stmt"/>
        <line num="7" count="25" type="stmt"/>
        <line num="11" count="23" type="stmt"/>
        <line num="12" count="23" type="stmt"/>
        <line num="13" count="23" type="stmt"/>
        <line num="14" count="184" type="stmt"/>
        <line num="15" count="184" type="stmt"/>
        <line num="17" count="23" type="stmt"/>
        <line num="21" count="23" type="cond" truecount="1" falsecount="1"/>
        <line num="22" count="23" type="stmt"/>
        <line num="23" count="23" type="stmt"/>
        <line num="25" count="23" type="stmt"/>
        <line num="27" count="23" type="stmt"/>
        <line num="32" count="23" type="stmt"/>
        <line num="33" count="23" type="stmt"/>
        <line num="44" count="17" type="cond" truecount="2" falsecount="0"/>
        <line num="45" count="17" type="stmt"/>
        <line num="46" count="17" type="stmt"/>
        <line num="60" count="12" type="cond" truecount="4" falsecount="0"/>
        <line num="61" count="8" type="stmt"/>
        <line num="64" count="4" type="cond" truecount="2" falsecount="0"/>
        <line num="65" count="4" type="stmt"/>
        <line num="66" count="4" type="stmt"/>
        <line num="67" count="4" type="cond" truecount="2" falsecount="0"/>
        <line num="69" count="2" type="stmt"/>
        <line num="70" count="2" type="cond" truecount="2" falsecount="0"/>
        <line num="72" count="1" type="stmt"/>
        <line num="75" count="1" type="stmt"/>
      </file>
    </package>
  </project>
</coverage>
