{"/Users/Super/AIproject/backend/middleware/ipFilter.js": {"path":"/Users/Super/AIproject/backend/middleware/ipFilter.js","statementMap":{"0":{"start":{"line":1,"column":24},"end":{"line":11,"column":1}},"1":{"start":{"line":14,"column":2},"end":{"line":14,"column":76}},"2":{"start":{"line":18,"column":2},"end":{"line":18,"column":31}},"3":{"start":{"line":18,"column":19},"end":{"line":18,"column":31}},"4":{"start":{"line":19,"column":16},"end":{"line":19,"column":41}},"5":{"start":{"line":20,"column":2},"end":{"line":20,"column":77}},"6":{"start":{"line":20,"column":22},"end":{"line":20,"column":62}},"7":{"start":{"line":20,"column":65},"end":{"line":20,"column":77}},"8":{"start":{"line":21,"column":2},"end":{"line":21,"column":82}},"9":{"start":{"line":25,"column":2},"end":{"line":25,"column":68}},"10":{"start":{"line":25,"column":55},"end":{"line":25,"column":68}},"11":{"start":{"line":26,"column":26},"end":{"line":26,"column":41}},"12":{"start":{"line":27,"column":19},"end":{"line":27,"column":34}},"13":{"start":{"line":28,"column":2},"end":{"line":28,"column":81}},"14":{"start":{"line":28,"column":68},"end":{"line":28,"column":81}},"15":{"start":{"line":30,"column":16},"end":{"line":30,"column":29}},"16":{"start":{"line":31,"column":18},"end":{"line":31,"column":33}},"17":{"start":{"line":32,"column":2},"end":{"line":32,"column":55}},"18":{"start":{"line":32,"column":42},"end":{"line":32,"column":55}},"19":{"start":{"line":34,"column":15},"end":{"line":34,"column":75}},"20":{"start":{"line":35,"column":2},"end":{"line":35,"column":45}},"21":{"start":{"line":39,"column":2},"end":{"line":39,"column":43}},"22":{"start":{"line":39,"column":31},"end":{"line":39,"column":43}},"23":{"start":{"line":40,"column":11},"end":{"line":40,"column":21}},"24":{"start":{"line":41,"column":2},"end":{"line":41,"column":23}},"25":{"start":{"line":41,"column":11},"end":{"line":41,"column":23}},"26":{"start":{"line":44,"column":2},"end":{"line":44,"column":53}},"27":{"start":{"line":44,"column":24},"end":{"line":44,"column":53}},"28":{"start":{"line":47,"column":2},"end":{"line":47,"column":55}},"29":{"start":{"line":47,"column":30},"end":{"line":47,"column":55}},"30":{"start":{"line":50,"column":2},"end":{"line":50,"column":68}},"31":{"start":{"line":50,"column":46},"end":{"line":50,"column":68}},"32":{"start":{"line":52,"column":2},"end":{"line":52,"column":20}},"33":{"start":{"line":56,"column":2},"end":{"line":63,"column":4}},"34":{"start":{"line":67,"column":2},"end":{"line":67,"column":30}},"35":{"start":{"line":67,"column":17},"end":{"line":67,"column":30}},"36":{"start":{"line":68,"column":15},"end":{"line":68,"column":60}},"37":{"start":{"line":70,"column":2},"end":{"line":77,"column":5}},"38":{"start":{"line":71,"column":4},"end":{"line":71,"column":29}},"39":{"start":{"line":71,"column":16},"end":{"line":71,"column":29}},"40":{"start":{"line":72,"column":4},"end":{"line":72,"column":61}},"41":{"start":{"line":72,"column":33},"end":{"line":72,"column":61}},"42":{"start":{"line":73,"column":4},"end":{"line":73,"column":48}},"43":{"start":{"line":73,"column":35},"end":{"line":73,"column":48}},"44":{"start":{"line":75,"column":4},"end":{"line":75,"column":66}},"45":{"start":{"line":75,"column":29},"end":{"line":75,"column":66}},"46":{"start":{"line":76,"column":4},"end":{"line":76,"column":30}},"47":{"start":{"line":81,"column":2},"end":{"line":125,"column":4}},"48":{"start":{"line":129,"column":22},"end":{"line":129,"column":96}},"49":{"start":{"line":130,"column":24},"end":{"line":130,"column":91}},"50":{"start":{"line":132,"column":2},"end":{"line":151,"column":4}},"51":{"start":{"line":133,"column":21},"end":{"line":133,"column":41}},"52":{"start":{"line":134,"column":20},"end":{"line":134,"column":54}},"53":{"start":{"line":136,"column":4},"end":{"line":136,"column":31}},"54":{"start":{"line":136,"column":17},"end":{"line":136,"column":31}},"55":{"start":{"line":138,"column":4},"end":{"line":138,"column":53}},"56":{"start":{"line":140,"column":25},"end":{"line":140,"column":91}},"57":{"start":{"line":142,"column":6},"end":{"line":144,"column":68}},"58":{"start":{"line":146,"column":4},"end":{"line":148,"column":5}},"59":{"start":{"line":147,"column":6},"end":{"line":147,"column":82}},"60":{"start":{"line":150,"column":4},"end":{"line":150,"column":52}},"61":{"start":{"line":154,"column":17},"end":{"line":154,"column":33}},"62":{"start":{"line":155,"column":0},"end":{"line":155,"column":41}},"63":{"start":{"line":156,"column":0},"end":{"line":156,"column":43}},"64":{"start":{"line":157,"column":0},"end":{"line":157,"column":35}},"65":{"start":{"line":158,"column":0},"end":{"line":158,"column":87}},"66":{"start":{"line":160,"column":0},"end":{"line":160,"column":26}}},"fnMap":{"0":{"name":"isIpv4","decl":{"start":{"line":13,"column":9},"end":{"line":13,"column":15}},"loc":{"start":{"line":13,"column":23},"end":{"line":15,"column":1}},"line":13},"1":{"name":"ipv4ToInt","decl":{"start":{"line":17,"column":9},"end":{"line":17,"column":18}},"loc":{"start":{"line":17,"column":23},"end":{"line":22,"column":1}},"line":17},"2":{"name":"(anonymous_2)","decl":{"start":{"line":20,"column":17},"end":{"line":20,"column":18}},"loc":{"start":{"line":20,"column":22},"end":{"line":20,"column":62}},"line":20},"3":{"name":"cidrContains","decl":{"start":{"line":24,"column":9},"end":{"line":24,"column":21}},"loc":{"start":{"line":24,"column":32},"end":{"line":36,"column":1}},"line":24},"4":{"name":"normalizeIp","decl":{"start":{"line":38,"column":9},"end":{"line":38,"column":20}},"loc":{"start":{"line":38,"column":26},"end":{"line":53,"column":1}},"line":38},"5":{"name":"extractClientIp","decl":{"start":{"line":55,"column":9},"end":{"line":55,"column":24}},"loc":{"start":{"line":55,"column":30},"end":{"line":64,"column":1}},"line":55},"6":{"name":"isIpAllowed","decl":{"start":{"line":66,"column":9},"end":{"line":66,"column":20}},"loc":{"start":{"line":66,"column":44},"end":{"line":78,"column":1}},"line":66},"7":{"name":"(anonymous_7)","decl":{"start":{"line":70,"column":19},"end":{"line":70,"column":20}},"loc":{"start":{"line":70,"column":28},"end":{"line":77,"column":3}},"line":70},"8":{"name":"renderDeniedHtml","decl":{"start":{"line":80,"column":9},"end":{"line":80,"column":25}},"loc":{"start":{"line":80,"column":28},"end":{"line":126,"column":1}},"line":80},"9":{"name":"createIpFilter","decl":{"start":{"line":128,"column":9},"end":{"line":128,"column":23}},"loc":{"start":{"line":128,"column":38},"end":{"line":152,"column":1}},"line":128},"10":{"name":"(anonymous_10)","decl":{"start":{"line":132,"column":9},"end":{"line":132,"column":10}},"loc":{"start":{"line":132,"column":29},"end":{"line":151,"column":3}},"line":132}},"branchMap":{"0":{"loc":{"start":{"line":14,"column":9},"end":{"line":14,"column":75}},"type":"binary-expr","locations":[{"start":{"line":14,"column":9},"end":{"line":14,"column":34}},{"start":{"line":14,"column":38},"end":{"line":14,"column":75}}],"line":14},"1":{"loc":{"start":{"line":18,"column":2},"end":{"line":18,"column":31}},"type":"if","locations":[{"start":{"line":18,"column":2},"end":{"line":18,"column":31}},{"start":{},"end":{}}],"line":18},"2":{"loc":{"start":{"line":20,"column":2},"end":{"line":20,"column":77}},"type":"if","locations":[{"start":{"line":20,"column":2},"end":{"line":20,"column":77}},{"start":{},"end":{}}],"line":20},"3":{"loc":{"start":{"line":20,"column":22},"end":{"line":20,"column":62}},"type":"binary-expr","locations":[{"start":{"line":20,"column":22},"end":{"line":20,"column":42}},{"start":{"line":20,"column":46},"end":{"line":20,"column":51}},{"start":{"line":20,"column":55},"end":{"line":20,"column":62}}],"line":20},"4":{"loc":{"start":{"line":25,"column":2},"end":{"line":25,"column":68}},"type":"if","locations":[{"start":{"line":25,"column":2},"end":{"line":25,"column":68}},{"start":{},"end":{}}],"line":25},"5":{"loc":{"start":{"line":25,"column":6},"end":{"line":25,"column":53}},"type":"binary-expr","locations":[{"start":{"line":25,"column":6},"end":{"line":25,"column":30}},{"start":{"line":25,"column":34},"end":{"line":25,"column":53}}],"line":25},"6":{"loc":{"start":{"line":28,"column":2},"end":{"line":28,"column":81}},"type":"if","locations":[{"start":{"line":28,"column":2},"end":{"line":28,"column":81}},{"start":{},"end":{}}],"line":28},"7":{"loc":{"start":{"line":28,"column":6},"end":{"line":28,"column":66}},"type":"binary-expr","locations":[{"start":{"line":28,"column":6},"end":{"line":28,"column":33}},{"start":{"line":28,"column":37},"end":{"line":28,"column":49}},{"start":{"line":28,"column":53},"end":{"line":28,"column":66}}],"line":28},"8":{"loc":{"start":{"line":32,"column":2},"end":{"line":32,"column":55}},"type":"if","locations":[{"start":{"line":32,"column":2},"end":{"line":32,"column":55}},{"start":{},"end":{}}],"line":32},"9":{"loc":{"start":{"line":32,"column":6},"end":{"line":32,"column":40}},"type":"binary-expr","locations":[{"start":{"line":32,"column":6},"end":{"line":32,"column":20}},{"start":{"line":32,"column":24},"end":{"line":32,"column":40}}],"line":32},"10":{"loc":{"start":{"line":34,"column":15},"end":{"line":34,"column":75}},"type":"cond-expr","locations":[{"start":{"line":34,"column":32},"end":{"line":34,"column":33}},{"start":{"line":34,"column":37},"end":{"line":34,"column":74}}],"line":34},"11":{"loc":{"start":{"line":39,"column":2},"end":{"line":39,"column":43}},"type":"if","locations":[{"start":{"line":39,"column":2},"end":{"line":39,"column":43}},{"start":{},"end":{}}],"line":39},"12":{"loc":{"start":{"line":41,"column":2},"end":{"line":41,"column":23}},"type":"if","locations":[{"start":{"line":41,"column":2},"end":{"line":41,"column":23}},{"start":{},"end":{}}],"line":41},"13":{"loc":{"start":{"line":44,"column":2},"end":{"line":44,"column":53}},"type":"if","locations":[{"start":{"line":44,"column":2},"end":{"line":44,"column":53}},{"start":{},"end":{}}],"line":44},"14":{"loc":{"start":{"line":47,"column":2},"end":{"line":47,"column":55}},"type":"if","locations":[{"start":{"line":47,"column":2},"end":{"line":47,"column":55}},{"start":{},"end":{}}],"line":47},"15":{"loc":{"start":{"line":50,"column":2},"end":{"line":50,"column":68}},"type":"if","locations":[{"start":{"line":50,"column":2},"end":{"line":50,"column":68}},{"start":{},"end":{}}],"line":50},"16":{"loc":{"start":{"line":52,"column":9},"end":{"line":52,"column":19}},"type":"binary-expr","locations":[{"start":{"line":52,"column":9},"end":{"line":52,"column":11}},{"start":{"line":52,"column":15},"end":{"line":52,"column":19}}],"line":52},"17":{"loc":{"start":{"line":57,"column":4},"end":{"line":62,"column":8}},"type":"binary-expr","locations":[{"start":{"line":57,"column":4},"end":{"line":57,"column":50}},{"start":{"line":58,"column":4},"end":{"line":58,"column":47}},{"start":{"line":59,"column":4},"end":{"line":59,"column":43}},{"start":{"line":60,"column":4},"end":{"line":60,"column":55}},{"start":{"line":61,"column":4},"end":{"line":61,"column":24}},{"start":{"line":62,"column":4},"end":{"line":62,"column":8}}],"line":57},"18":{"loc":{"start":{"line":67,"column":2},"end":{"line":67,"column":30}},"type":"if","locations":[{"start":{"line":67,"column":2},"end":{"line":67,"column":30}},{"start":{},"end":{}}],"line":67},"19":{"loc":{"start":{"line":68,"column":15},"end":{"line":68,"column":60}},"type":"cond-expr","locations":[{"start":{"line":68,"column":44},"end":{"line":68,"column":55}},{"start":{"line":68,"column":58},"end":{"line":68,"column":60}}],"line":68},"20":{"loc":{"start":{"line":71,"column":4},"end":{"line":71,"column":29}},"type":"if","locations":[{"start":{"line":71,"column":4},"end":{"line":71,"column":29}},{"start":{},"end":{}}],"line":71},"21":{"loc":{"start":{"line":72,"column":4},"end":{"line":72,"column":61}},"type":"if","locations":[{"start":{"line":72,"column":4},"end":{"line":72,"column":61}},{"start":{},"end":{}}],"line":72},"22":{"loc":{"start":{"line":73,"column":4},"end":{"line":73,"column":48}},"type":"if","locations":[{"start":{"line":73,"column":4},"end":{"line":73,"column":48}},{"start":{},"end":{}}],"line":73},"23":{"loc":{"start":{"line":75,"column":4},"end":{"line":75,"column":66}},"type":"if","locations":[{"start":{"line":75,"column":4},"end":{"line":75,"column":66}},{"start":{},"end":{}}],"line":75},"24":{"loc":{"start":{"line":128,"column":24},"end":{"line":128,"column":36}},"type":"default-arg","locations":[{"start":{"line":128,"column":34},"end":{"line":128,"column":36}}],"line":128},"25":{"loc":{"start":{"line":129,"column":22},"end":{"line":129,"column":96}},"type":"cond-expr","locations":[{"start":{"line":129,"column":59},"end":{"line":129,"column":78}},{"start":{"line":129,"column":81},"end":{"line":129,"column":96}}],"line":129},"26":{"loc":{"start":{"line":130,"column":24},"end":{"line":130,"column":91}},"type":"binary-expr","locations":[{"start":{"line":130,"column":24},"end":{"line":130,"column":45}},{"start":{"line":130,"column":49},"end":{"line":130,"column":91}}],"line":130},"27":{"loc":{"start":{"line":136,"column":4},"end":{"line":136,"column":31}},"type":"if","locations":[{"start":{"line":136,"column":4},"end":{"line":136,"column":31}},{"start":{},"end":{}}],"line":136},"28":{"loc":{"start":{"line":140,"column":25},"end":{"line":140,"column":91}},"type":"cond-expr","locations":[{"start":{"line":140,"column":68},"end":{"line":140,"column":86}},{"start":{"line":140,"column":89},"end":{"line":140,"column":91}}],"line":140},"29":{"loc":{"start":{"line":142,"column":6},"end":{"line":144,"column":68}},"type":"binary-expr","locations":[{"start":{"line":142,"column":6},"end":{"line":142,"column":47}},{"start":{"line":143,"column":7},"end":{"line":143,"column":43}},{"start":{"line":143,"column":47},"end":{"line":143,"column":81}},{"start":{"line":144,"column":7},"end":{"line":144,"column":36}},{"start":{"line":144,"column":40},"end":{"line":144,"column":67}}],"line":142},"30":{"loc":{"start":{"line":146,"column":4},"end":{"line":148,"column":5}},"type":"if","locations":[{"start":{"line":146,"column":4},"end":{"line":148,"column":5}},{"start":{},"end":{}}],"line":146}},"s":{"0":1,"1":20,"2":20,"3":0,"4":20,"5":20,"6":80,"7":0,"8":20,"9":10,"10":0,"11":10,"12":10,"13":10,"14":0,"15":10,"16":10,"17":10,"18":0,"19":10,"20":10,"21":30,"22":6,"23":24,"24":24,"25":1,"26":23,"27":1,"28":23,"29":1,"30":23,"31":0,"32":23,"33":24,"34":19,"35":1,"36":18,"37":18,"38":27,"39":0,"40":27,"41":0,"42":27,"43":0,"44":27,"45":10,"46":17,"47":1,"48":11,"49":11,"50":11,"51":19,"52":19,"53":19,"54":11,"55":8,"56":8,"57":8,"58":8,"59":7,"60":1,"61":1,"62":1,"63":1,"64":1,"65":1,"66":1},"f":{"0":20,"1":20,"2":80,"3":10,"4":30,"5":24,"6":19,"7":27,"8":1,"9":11,"10":19},"b":{"0":[20,20],"1":[0,20],"2":[0,20],"3":[80,80,80],"4":[0,10],"5":[10,10],"6":[0,10],"7":[10,10,10],"8":[0,10],"9":[10,10],"10":[0,10],"11":[6,24],"12":[1,23],"13":[1,22],"14":[1,22],"15":[0,23],"16":[23,0],"17":[24,3,1,1,1,1],"18":[1,18],"19":[18,0],"20":[0,27],"21":[0,27],"22":[0,27],"23":[10,17],"24":[1],"25":[10,1],"26":[11,11],"27":[11,8],"28":[8,0],"29":[8,1,1,1,1],"30":[7,1]},"_coverageSchema":"1a1c01bbd47fc00a2c39e90264f33305004495a9","hash":"536a05770efa02d3d95014a02bdbfeb6b602e82c"}
,"/Users/Super/AIproject/backend/services/totp.js": {"path":"/Users/Super/AIproject/backend/services/totp.js","statementMap":{"0":{"start":{"line":1,"column":15},"end":{"line":1,"column":32}},"1":{"start":{"line":3,"column":21},"end":{"line":3,"column":27}},"2":{"start":{"line":4,"column":15},"end":{"line":4,"column":16}},"3":{"start":{"line":7,"column":2},"end":{"line":7,"column":40}},"4":{"start":{"line":11,"column":14},"end":{"line":11,"column":29}},"5":{"start":{"line":12,"column":14},"end":{"line":12,"column":29}},"6":{"start":{"line":13,"column":2},"end":{"line":16,"column":3}},"7":{"start":{"line":13,"column":15},"end":{"line":13,"column":16}},"8":{"start":{"line":14,"column":4},"end":{"line":14,"column":35}},"9":{"start":{"line":15,"column":4},"end":{"line":15,"column":17}},"10":{"start":{"line":17,"column":2},"end":{"line":17,"column":13}},"11":{"start":{"line":21,"column":14},"end":{"line":21,"column":55}},"12":{"start":{"line":22,"column":14},"end":{"line":22,"column":38}},"13":{"start":{"line":23,"column":15},"end":{"line":23,"column":66}},"14":{"start":{"line":25,"column":17},"end":{"line":25,"column":45}},"15":{"start":{"line":27,"column":4},"end":{"line":30,"column":29}},"16":{"start":{"line":32,"column":14},"end":{"line":32,"column":26}},"17":{"start":{"line":33,"column":2},"end":{"line":33,"column":53}},"18":{"start":{"line":44,"column":14},"end":{"line":44,"column":63}},"19":{"start":{"line":45,"column":17},"end":{"line":45,"column":42}},"20":{"start":{"line":46,"column":2},"end":{"line":46,"column":30}},"21":{"start":{"line":60,"column":2},"end":{"line":62,"column":3}},"22":{"start":{"line":61,"column":4},"end":{"line":61,"column":28}},"23":{"start":{"line":64,"column":14},"end":{"line":64,"column":63}},"24":{"start":{"line":65,"column":24},"end":{"line":65,"column":49}},"25":{"start":{"line":66,"column":18},"end":{"line":66,"column":45}},"26":{"start":{"line":67,"column":2},"end":{"line":67,"column":47}},"27":{"start":{"line":67,"column":24},"end":{"line":67,"column":47}},"28":{"start":{"line":69,"column":19},"end":{"line":69,"column":50}},"29":{"start":{"line":70,"column":2},"end":{"line":70,"column":76}},"30":{"start":{"line":70,"column":25},"end":{"line":70,"column":76}},"31":{"start":{"line":72,"column":2},"end":{"line":72,"column":26}},"32":{"start":{"line":75,"column":0},"end":{"line":81,"column":2}}},"fnMap":{"0":{"name":"getCurrentTimeWindow","decl":{"start":{"line":6,"column":9},"end":{"line":6,"column":29}},"loc":{"start":{"line":6,"column":48},"end":{"line":8,"column":1}},"line":6},"1":{"name":"toCounterBuffer","decl":{"start":{"line":10,"column":9},"end":{"line":10,"column":24}},"loc":{"start":{"line":10,"column":34},"end":{"line":18,"column":1}},"line":10},"2":{"name":"hotp","decl":{"start":{"line":20,"column":9},"end":{"line":20,"column":13}},"loc":{"start":{"line":20,"column":31},"end":{"line":34,"column":1}},"line":20},"3":{"name":"generateTOTP","decl":{"start":{"line":43,"column":9},"end":{"line":43,"column":21}},"loc":{"start":{"line":43,"column":41},"end":{"line":47,"column":1}},"line":43},"4":{"name":"validateTOTP","decl":{"start":{"line":59,"column":9},"end":{"line":59,"column":21}},"loc":{"start":{"line":59,"column":47},"end":{"line":73,"column":1}},"line":59}},"branchMap":{"0":{"loc":{"start":{"line":6,"column":30},"end":{"line":6,"column":46}},"type":"default-arg","locations":[{"start":{"line":6,"column":36},"end":{"line":6,"column":46}}],"line":6},"1":{"loc":{"start":{"line":21,"column":33},"end":{"line":21,"column":45}},"type":"binary-expr","locations":[{"start":{"line":21,"column":33},"end":{"line":21,"column":39}},{"start":{"line":21,"column":43},"end":{"line":21,"column":45}}],"line":21},"2":{"loc":{"start":{"line":43,"column":30},"end":{"line":43,"column":39}},"type":"default-arg","locations":[{"start":{"line":43,"column":37},"end":{"line":43,"column":39}}],"line":43},"3":{"loc":{"start":{"line":44,"column":14},"end":{"line":44,"column":63}},"type":"cond-expr","locations":[{"start":{"line":44,"column":42},"end":{"line":44,"column":50}},{"start":{"line":44,"column":53},"end":{"line":44,"column":63}}],"line":44},"4":{"loc":{"start":{"line":59,"column":36},"end":{"line":59,"column":45}},"type":"default-arg","locations":[{"start":{"line":59,"column":43},"end":{"line":59,"column":45}}],"line":59},"5":{"loc":{"start":{"line":60,"column":2},"end":{"line":62,"column":3}},"type":"if","locations":[{"start":{"line":60,"column":2},"end":{"line":62,"column":3}},{"start":{},"end":{}}],"line":60},"6":{"loc":{"start":{"line":60,"column":6},"end":{"line":60,"column":55}},"type":"binary-expr","locations":[{"start":{"line":60,"column":6},"end":{"line":60,"column":30}},{"start":{"line":60,"column":34},"end":{"line":60,"column":55}}],"line":60},"7":{"loc":{"start":{"line":64,"column":14},"end":{"line":64,"column":63}},"type":"cond-expr","locations":[{"start":{"line":64,"column":42},"end":{"line":64,"column":50}},{"start":{"line":64,"column":53},"end":{"line":64,"column":63}}],"line":64},"8":{"loc":{"start":{"line":67,"column":2},"end":{"line":67,"column":47}},"type":"if","locations":[{"start":{"line":67,"column":2},"end":{"line":67,"column":47}},{"start":{},"end":{}}],"line":67},"9":{"loc":{"start":{"line":70,"column":2},"end":{"line":70,"column":76}},"type":"if","locations":[{"start":{"line":70,"column":2},"end":{"line":70,"column":76}},{"start":{},"end":{}}],"line":70}},"s":{"0":1,"1":1,"2":1,"3":25,"4":23,"5":23,"6":23,"7":23,"8":184,"9":184,"10":23,"11":23,"12":23,"13":23,"14":23,"15":23,"16":23,"17":23,"18":17,"19":17,"20":17,"21":12,"22":8,"23":4,"24":4,"25":4,"26":4,"27":2,"28":2,"29":2,"30":1,"31":1,"32":1},"f":{"0":25,"1":23,"2":23,"3":17,"4":12},"b":{"0":[0],"1":[23,0],"2":[14],"3":[3,14],"4":[11],"5":[8,4],"6":[12,10],"7":[1,3],"8":[2,2],"9":[1,1]},"_coverageSchema":"1a1c01bbd47fc00a2c39e90264f33305004495a9","hash":"c0c883c0968080dc3ad487fceafeaae9a1e13c39"}
}
