TN:
SF:backend/middleware/ipFilter.js
FN:13,isIpv4
FN:17,ipv4ToInt
FN:20,(anonymous_2)
FN:24,cidrContains
FN:38,normalizeIp
FN:55,extractClientIp
FN:66,isIpAllowed
FN:70,(anonymous_7)
FN:80,renderDeniedHtml
FN:128,createIpFilter
FN:132,(anonymous_10)
FNF:11
FNH:11
FNDA:20,isIpv4
FNDA:20,ipv4ToInt
FNDA:80,(anonymous_2)
FNDA:10,cidrContains
FNDA:30,normalizeIp
FNDA:24,extractClientIp
FNDA:19,isIpAllowed
FNDA:27,(anonymous_7)
FNDA:1,renderDeniedHtml
FNDA:11,createIpFilter
FNDA:19,(anonymous_10)
DA:1,1
DA:14,20
DA:18,20
DA:19,20
DA:20,80
DA:21,20
DA:25,10
DA:26,10
DA:27,10
DA:28,10
DA:30,10
DA:31,10
DA:32,10
DA:34,10
DA:35,10
DA:39,30
DA:40,24
DA:41,24
DA:44,23
DA:47,23
DA:50,23
DA:52,23
DA:56,24
DA:67,19
DA:68,18
DA:70,18
DA:71,27
DA:72,27
DA:73,27
DA:75,27
DA:76,17
DA:81,1
DA:129,11
DA:130,11
DA:132,11
DA:133,19
DA:134,19
DA:136,19
DA:138,8
DA:140,8
DA:142,8
DA:146,8
DA:147,7
DA:150,1
DA:154,1
DA:155,1
DA:156,1
DA:157,1
DA:158,1
DA:160,1
LF:50
LH:50
BRDA:14,0,0,20
BRDA:14,0,1,20
BRDA:18,1,0,0
BRDA:18,1,1,20
BRDA:20,2,0,0
BRDA:20,2,1,20
BRDA:20,3,0,80
BRDA:20,3,1,80
BRDA:20,3,2,80
BRDA:25,4,0,0
BRDA:25,4,1,10
BRDA:25,5,0,10
BRDA:25,5,1,10
BRDA:28,6,0,0
BRDA:28,6,1,10
BRDA:28,7,0,10
BRDA:28,7,1,10
BRDA:28,7,2,10
BRDA:32,8,0,0
BRDA:32,8,1,10
BRDA:32,9,0,10
BRDA:32,9,1,10
BRDA:34,10,0,0
BRDA:34,10,1,10
BRDA:39,11,0,6
BRDA:39,11,1,24
BRDA:41,12,0,1
BRDA:41,12,1,23
BRDA:44,13,0,1
BRDA:44,13,1,22
BRDA:47,14,0,1
BRDA:47,14,1,22
BRDA:50,15,0,0
BRDA:50,15,1,23
BRDA:52,16,0,23
BRDA:52,16,1,0
BRDA:57,17,0,24
BRDA:57,17,1,3
BRDA:57,17,2,1
BRDA:57,17,3,1
BRDA:57,17,4,1
BRDA:57,17,5,1
BRDA:67,18,0,1
BRDA:67,18,1,18
BRDA:68,19,0,18
BRDA:68,19,1,0
BRDA:71,20,0,0
BRDA:71,20,1,27
BRDA:72,21,0,0
BRDA:72,21,1,27
BRDA:73,22,0,0
BRDA:73,22,1,27
BRDA:75,23,0,10
BRDA:75,23,1,17
BRDA:128,24,0,1
BRDA:129,25,0,10
BRDA:129,25,1,1
BRDA:130,26,0,11
BRDA:130,26,1,11
BRDA:136,27,0,11
BRDA:136,27,1,8
BRDA:140,28,0,8
BRDA:140,28,1,0
BRDA:142,29,0,8
BRDA:142,29,1,1
BRDA:142,29,2,1
BRDA:142,29,3,1
BRDA:142,29,4,1
BRDA:146,30,0,7
BRDA:146,30,1,1
BRF:70
BRH:57
end_of_record
TN:
SF:backend/services/totp.js
FN:6,getCurrentTimeWindow
FN:10,toCounterBuffer
FN:20,hotp
FN:43,generateTOTP
FN:59,validateTOTP
FNF:5
FNH:5
FNDA:25,getCurrentTimeWindow
FNDA:23,toCounterBuffer
FNDA:23,hotp
FNDA:17,generateTOTP
FNDA:12,validateTOTP
DA:1,1
DA:3,1
DA:4,1
DA:7,25
DA:11,23
DA:12,23
DA:13,23
DA:14,184
DA:15,184
DA:17,23
DA:21,23
DA:22,23
DA:23,23
DA:25,23
DA:27,23
DA:32,23
DA:33,23
DA:44,17
DA:45,17
DA:46,17
DA:60,12
DA:61,8
DA:64,4
DA:65,4
DA:66,4
DA:67,4
DA:69,2
DA:70,2
DA:72,1
DA:75,1
LF:30
LH:30
BRDA:6,0,0,0
BRDA:21,1,0,23
BRDA:21,1,1,0
BRDA:43,2,0,14
BRDA:44,3,0,3
BRDA:44,3,1,14
BRDA:59,4,0,11
BRDA:60,5,0,8
BRDA:60,5,1,4
BRDA:60,6,0,12
BRDA:60,6,1,10
BRDA:64,7,0,1
BRDA:64,7,1,3
BRDA:67,8,0,2
BRDA:67,8,1,2
BRDA:70,9,0,1
BRDA:70,9,1,1
BRF:17
BRH:15
end_of_record
